<?xml version="1.0" encoding="UTF-8"?>
<!-- Generated by org.testng.reporters.JUnitXMLReporter -->
<testsuite ignored="0" hostname="administrator-WSG37555W7-0663" failures="0" tests="4" name="Test" time="4.116" errors="0" timestamp="15 Dec 2023 09:35:36 GMT">
  <testcase classname="Day8.CreateUser" name="test_CreateUser" time="2.646"/>
  <testcase classname="Day8.GetUser" name="test_GetUser" time="0.509"/>
  <testcase classname="Day8.UpdateUser" name="test_UpdateUser" time="0.468"/>
  <testcase classname="Day8.DeleteUser" name="test_DeleteUser" time="0.471"/>
</testsuite> <!-- Test -->
