<?xml version="1.0" encoding="UTF-8"?>
<testng-results ignored="0" total="4" passed="4" failed="0" skipped="0">
  <reporter-output>
  </reporter-output>
  <suite started-at="2023-12-19T12:31:02Z" name="Default suite" finished-at="2023-12-19T12:31:07Z" duration-ms="4960">
    <groups>
    </groups>
    <test started-at="2023-12-19T12:31:02Z" name="Default test" finished-at="2023-12-19T12:31:07Z" duration-ms="4960">
      <class name="RestAssured.HTTPrequestDayOne">
        <test-method signature="getUser()[pri:1, instance:RestAssured.HTTPrequestDayOne@38ba6ce3]" started-at="2023-12-19T18:01:02Z" name="getUser" finished-at="2023-12-19T18:01:05Z" duration-ms="2873" status="PASS">
          <reporter-output>
          </reporter-output>
        </test-method> <!-- getUser -->
        <test-method signature="createUser()[pri:2, instance:RestAssured.HTTPrequestDayOne@38ba6ce3]" started-at="2023-12-19T18:01:05Z" name="createUser" finished-at="2023-12-19T18:01:06Z" duration-ms="1030" status="PASS">
          <reporter-output>
          </reporter-output>
        </test-method> <!-- createUser -->
        <test-method signature="updateUser()[pri:3, instance:RestAssured.HTTPrequestDayOne@38ba6ce3]" started-at="2023-12-19T18:01:06Z" name="updateUser" finished-at="2023-12-19T18:01:07Z" depends-on-methods="RestAssured.HTTPrequestDayOne.createUser" duration-ms="528" status="PASS">
          <reporter-output>
          </reporter-output>
        </test-method> <!-- updateUser -->
        <test-method signature="deleteUser()[pri:4, instance:RestAssured.HTTPrequestDayOne@38ba6ce3]" started-at="2023-12-19T18:01:07Z" name="deleteUser" finished-at="2023-12-19T18:01:07Z" duration-ms="512" status="PASS">
          <reporter-output>
          </reporter-output>
        </test-method> <!-- deleteUser -->
      </class> <!-- RestAssured.HTTPrequestDayOne -->
    </test> <!-- Default test -->
  </suite> <!-- Default suite -->
</testng-results>
